<?xml version="1.0" encoding="utf-8"?><testsuites name="pytest tests"><testsuite name="pytest" errors="0" failures="0" skipped="0" tests="8" time="4.216" timestamp="2026-08-16T09:03:04.520619+00:00" hostname="agent-env-1f94788e-aba3-418a-9e50-46eae45a9e01"><testcase classname="backend.tests.test_shiprocket.TestHealth" name="test_root" time="0.006" /><testcase classname="backend.tests.test_shiprocket.TestHealth" name="test_api_health" time="0.042" /><testcase classname="backend.tests.test_shiprocket.TestPickupLocations" name="test_pickup_locations" time="1.614" /><testcase classname="backend.tests.test_shiprocket.TestCouriers" name="test_couriers_valid_pincode" time="0.775" /><testcase classname="backend.tests.test_shiprocket.TestCouriers" name="test_couriers_missing_params" time="0.042" /><testcase classname="backend.tests.test_shiprocket.TestTracking" name="test_tracking_invalid_awb" time="0.792" /><testcase classname="backend.tests.test_shiprocket.TestCreateOrderWithAWB" name="test_create_order_success" time="0.850" /><testcase classname="backend.tests.test_shiprocket.TestCreateOrderWithAWB" name="test_create_order_validation_error" time="0.042" /></testsuite></testsuites>